This file contains any messages produced by compilers while
running configure, to aid debugging if configure makes a mistake.

It was created by seabrew configure 0.1, which was
generated by GNU Autoconf 2.69.  Invocation command line was

  $ ./configure 

## --------- ##
## Platform. ##
## --------- ##

hostname = luigi-HP
uname -m = x86_64
uname -r = 5.8.0-50-generic
uname -s = Linux
uname -v = #56~20.04.1-Ubuntu SMP Mon Apr 12 21:46:35 UTC 2021

/usr/bin/uname -p = x86_64
/bin/uname -X     = unknown

/bin/arch              = x86_64
/usr/bin/arch -k       = unknown
/usr/convex/getsysinfo = unknown
/usr/bin/hostinfo      = unknown
/bin/machine           = unknown
/usr/bin/oslevel       = unknown
/bin/universe          = unknown

PATH: /root/anaconda3/bin
PATH: /usr/local/sbin
PATH: /usr/local/bin
PATH: /usr/sbin
PATH: /usr/bin
PATH: /sbin
PATH: /bin
PATH: /usr/games
PATH: /usr/local/games
PATH: /snap/bin


## ----------- ##
## Core tests. ##
## ----------- ##

configure:2223: checking whether to enable debugging
configure:2241: result: no
configure:2293: checking for gcc
configure:2309: found /usr/bin/gcc
configure:2320: result: gcc
configure:2549: checking for C compiler version
configure:2558: gcc --version >&5
gcc (Ubuntu 10.3.0-1ubuntu1~20.04~2) 10.3.0
Copyright (C) 2020 Free Software Foundation, Inc.
This is free software; see the source for copying conditions.  There is NO
warranty; not even for MERCHANTABILITY or FITNESS FOR A PARTICULAR PURPOSE.

configure:2569: $? = 0
configure:2558: gcc -v >&5
Using built-in specs.
COLLECT_GCC=gcc
COLLECT_LTO_WRAPPER=/usr/lib/gcc/x86_64-linux-gnu/10/lto-wrapper
OFFLOAD_TARGET_NAMES=nvptx-none:amdgcn-amdhsa:hsa
OFFLOAD_TARGET_DEFAULT=1
Target: x86_64-linux-gnu
Configured with: ../src/configure -v --with-pkgversion='Ubuntu 10.3.0-1ubuntu1~20.04~2' --with-bugurl=file:///usr/share/doc/gcc-10/README.Bugs --enable-languages=c,ada,c++,go,brig,d,fortran,objc,obj-c++,m2 --prefix=/usr --with-gcc-major-version-only --program-suffix=-10 --program-prefix=x86_64-linux-gnu- --enable-shared --enable-linker-build-id --libexecdir=/usr/lib --without-included-gettext --enable-threads=posix --libdir=/usr/lib --enable-nls --enable-bootstrap --enable-clocale=gnu --enable-libstdcxx-debug --enable-libstdcxx-time=yes --with-default-libstdcxx-abi=new --enable-gnu-unique-object --disable-vtable-verify --enable-plugin --enable-default-pie --with-system-zlib --enable-libphobos-checking=release --with-target-system-zlib=auto --enable-objc-gc=auto --enable-multiarch --disable-werror --with-arch-32=i686 --with-abi=m64 --with-multilib-list=m32,m64,mx32 --enable-multilib --with-tune=generic --enable-offload-targets=nvptx-none=/build/gcc-10-S8Osas/gcc-10-10.3.0/debian/tmp-nvptx/usr,amdgcn-amdhsa=/build/gcc-10-S8Osas/gcc-10-10.3.0/debian/tmp-gcn/usr,hsa --without-cuda-driver --enable-checking=release --build=x86_64-linux-gnu --host=x86_64-linux-gnu --target=x86_64-linux-gnu --with-build-config=bootstrap-lto-lean --enable-link-mutex
Thread model: posix
Supported LTO compression algorithms: zlib zstd
gcc version 10.3.0 (Ubuntu 10.3.0-1ubuntu1~20.04~2) 
... rest of stderr output deleted ...
configure:2569: $? = 0
configure:2558: gcc -V >&5
gcc: error: unrecognized command-line option '-V'
gcc: fatal error: no input files
compilation terminated.
configure:2569: $? = 1
configure:2558: gcc -qversion >&5
gcc: error: unrecognized command-line option '-qversion'; did you mean '--version'?
gcc: fatal error: no input files
compilation terminated.
configure:2569: $? = 1
configure:2589: checking whether the C compiler works
configure:2611: gcc -O3 -Wall  -O3 -Wall conftest.c  >&5
configure:2615: $? = 0
configure:2663: result: yes
configure:2666: checking for C compiler default output file name
configure:2668: result: a.out
configure:2674: checking for suffix of executables
configure:2681: gcc -o conftest -O3 -Wall  -O3 -Wall conftest.c  >&5
configure:2685: $? = 0
configure:2707: result: 
configure:2729: checking whether we are cross compiling
configure:2737: gcc -o conftest -O3 -Wall  -O3 -Wall conftest.c  >&5
configure:2741: $? = 0
configure:2748: ./conftest
configure:2752: $? = 0
configure:2740: result: no
configure:2745: checking for suffix of object files
configure:2767: gcc -c -O3 -Wall  conftest.c >&5
configure:2771: $? = 0
configure:2792: result: o
configure:2796: checking whether we are using the GNU C compiler
configure:2815: gcc -c -O3 -Wall  conftest.c >&5
configure:2815: $? = 0
configure:2824: result: yes
configure:2833: checking whether gcc accepts -g
configure:2853: gcc -c -g  conftest.c >&5
configure:2853: $? = 0
configure:2894: result: yes
configure:2911: checking for gcc option to accept ISO C89
configure:2974: gcc  -c -O3 -Wall  conftest.c >&5
configure:2974: $? = 0
configure:2987: result: none needed
configure:3014: checking for an ANSI C-conforming const
configure:3080: gcc -c -O3 -Wall  conftest.c >&5
configure:3080: $? = 0
configure:3087: result: yes
configure:3100: checking how to run the C preprocessor
configure:3131: gcc -E  conftest.c
configure:3131: $? = 0
configure:3145: gcc -E  conftest.c
conftest.c:9:10: fatal error: ac_nonexistent.h: No such file or directory
    9 | #include <ac_nonexistent.h>
      |          ^~~~~~~~~~~~~~~~~~
compilation terminated.
configure:3145: $? = 1
configure: failed program was:
| /* confdefs.h */
| #define PACKAGE_NAME "seabrew"
| #define PACKAGE_TARNAME "seabrew"
| #define PACKAGE_VERSION "0.1"
| #define PACKAGE_STRING "seabrew 0.1"
| #define PACKAGE_BUGREPORT "sea@brew.edu"
| #define PACKAGE_URL ""
| /* end confdefs.h.  */
| #include <ac_nonexistent.h>
configure:3170: result: gcc -E
configure:3190: gcc -E  conftest.c
configure:3190: $? = 0
configure:3204: gcc -E  conftest.c
conftest.c:9:10: fatal error: ac_nonexistent.h: No such file or directory
    9 | #include <ac_nonexistent.h>
      |          ^~~~~~~~~~~~~~~~~~
compilation terminated.
configure:3204: $? = 1
configure: failed program was:
| /* confdefs.h */
| #define PACKAGE_NAME "seabrew"
| #define PACKAGE_TARNAME "seabrew"
| #define PACKAGE_VERSION "0.1"
| #define PACKAGE_STRING "seabrew 0.1"
| #define PACKAGE_BUGREPORT "sea@brew.edu"
| #define PACKAGE_URL ""
| /* end confdefs.h.  */
| #include <ac_nonexistent.h>
configure:3233: checking for grep that handles long lines and -e
configure:3291: result: /usr/bin/grep
configure:3296: checking for egrep
configure:3358: result: /usr/bin/grep -E
configure:3363: checking for ANSI C header files
configure:3383: gcc -c -O3 -Wall  conftest.c >&5
configure:3383: $? = 0
configure:3456: gcc -o conftest -O3 -Wall  -O3 -Wall conftest.c  >&5
configure:3456: $? = 0
configure:3456: ./conftest
configure:3456: $? = 0
configure:3467: result: yes
configure:3480: checking for sys/types.h
configure:3480: gcc -c -O3 -Wall  conftest.c >&5
configure:3480: $? = 0
configure:3480: result: yes
configure:3480: checking for sys/stat.h
configure:3480: gcc -c -O3 -Wall  conftest.c >&5
configure:3480: $? = 0
configure:3480: result: yes
configure:3480: checking for stdlib.h
configure:3480: gcc -c -O3 -Wall  conftest.c >&5
configure:3480: $? = 0
configure:3480: result: yes
configure:3480: checking for string.h
configure:3480: gcc -c -O3 -Wall  conftest.c >&5
configure:3480: $? = 0
configure:3480: result: yes
configure:3480: checking for memory.h
configure:3480: gcc -c -O3 -Wall  conftest.c >&5
configure:3480: $? = 0
configure:3480: result: yes
configure:3480: checking for strings.h
configure:3480: gcc -c -O3 -Wall  conftest.c >&5
configure:3480: $? = 0
configure:3480: result: yes
configure:3480: checking for inttypes.h
configure:3480: gcc -c -O3 -Wall  conftest.c >&5
configure:3480: $? = 0
configure:3480: result: yes
configure:3480: checking for stdint.h
configure:3480: gcc -c -O3 -Wall  conftest.c >&5
configure:3480: $? = 0
configure:3480: result: yes
configure:3480: checking for unistd.h
configure:3480: gcc -c -O3 -Wall  conftest.c >&5
configure:3480: $? = 0
configure:3480: result: yes
configure:3492: checking for uint32_t
configure:3492: gcc -c -O3 -Wall  conftest.c >&5
configure:3492: $? = 0
configure:3492: result: yes
configure:3507: checking for ANSI C header files
configure:3611: result: yes
configure:3622: checking fcntl.h usability
configure:3622: gcc -c -O3 -Wall  conftest.c >&5
configure:3622: $? = 0
configure:3622: result: yes
configure:3622: checking fcntl.h presence
configure:3622: gcc -E  conftest.c
configure:3622: $? = 0
configure:3622: result: yes
configure:3622: checking for fcntl.h
configure:3622: result: yes
configure:3622: checking stddef.h usability
configure:3622: gcc -c -O3 -Wall  conftest.c >&5
configure:3622: $? = 0
configure:3622: result: yes
configure:3622: checking stddef.h presence
configure:3622: gcc -E  conftest.c
configure:3622: $? = 0
configure:3622: result: yes
configure:3622: checking for stddef.h
configure:3622: result: yes
configure:3622: checking for string.h
configure:3622: result: yes
configure:3637: checking for stdlib.h
configure:3637: result: yes
configure:3647: checking for GNU libc compatible malloc
configure:3671: gcc -o conftest -O3 -Wall  -O3 -Wall conftest.c  >&5
configure:3671: $? = 0
configure:3671: ./conftest
configure:3671: $? = 0
configure:3681: result: yes
configure:3702: checking whether lstat correctly handles trailing slash
configure:3728: gcc -o conftest -O3 -Wall  -O3 -Wall conftest.c  >&5
configure:3728: $? = 0
configure:3728: ./conftest
configure:3728: $? = 0
configure:3745: result: yes
configure:3764: checking whether stat accepts an empty string
configure:3784: gcc -o conftest -O3 -Wall  -O3 -Wall conftest.c  >&5
configure:3784: $? = 0
configure:3784: ./conftest
configure:3784: $? = 0
configure:3794: result: no
configure:3812: checking for vprintf
configure:3812: gcc -o conftest -O3 -Wall  -O3 -Wall conftest.c  >&5
conftest.c:49:6: warning: conflicting types for built-in function 'vprintf'; expected 'int(const char *, __va_list_tag *)' [-Wbuiltin-declaration-mismatch]
   49 | char vprintf ();
      |      ^~~~~~~
conftest.c:37:1: note: 'vprintf' is declared in header '<stdio.h>'
   36 | # include <limits.h>
   37 | #else
configure:3812: $? = 0
configure:3812: result: yes
configure:3818: checking for _doprnt
configure:3818: gcc -o conftest -O3 -Wall  -O3 -Wall conftest.c  >&5
/usr/bin/ld: /tmp/cc9gaQP9.o: in function `main':
conftest.c:(.text.startup+0xb): undefined reference to `_doprnt'
collect2: error: ld returned 1 exit status
configure:3818: $? = 1
configure: failed program was:
| /* confdefs.h */
| #define PACKAGE_NAME "seabrew"
| #define PACKAGE_TARNAME "seabrew"
| #define PACKAGE_VERSION "0.1"
| #define PACKAGE_STRING "seabrew 0.1"
| #define PACKAGE_BUGREPORT "sea@brew.edu"
| #define PACKAGE_URL ""
| #define STDC_HEADERS 1
| #define HAVE_SYS_TYPES_H 1
| #define HAVE_SYS_STAT_H 1
| #define HAVE_STDLIB_H 1
| #define HAVE_STRING_H 1
| #define HAVE_MEMORY_H 1
| #define HAVE_STRINGS_H 1
| #define HAVE_INTTYPES_H 1
| #define HAVE_STDINT_H 1
| #define HAVE_UNISTD_H 1
| #define STDC_HEADERS 1
| #define HAVE_FCNTL_H 1
| #define HAVE_STDDEF_H 1
| #define HAVE_STRING_H 1
| #define HAVE_STDLIB_H 1
| #define HAVE_MALLOC 1
| #define LSTAT_FOLLOWS_SLASHED_SYMLINK 1
| #define HAVE_VPRINTF 1
| /* end confdefs.h.  */
| /* Define _doprnt to an innocuous variant, in case <limits.h> declares _doprnt.
|    For example, HP-UX 11i <limits.h> declares gettimeofday.  */
| #define _doprnt innocuous__doprnt
| 
| /* System header to define __stub macros and hopefully few prototypes,
|     which can conflict with char _doprnt (); below.
|     Prefer <limits.h> to <assert.h> if __STDC__ is defined, since
|     <limits.h> exists even on freestanding compilers.  */
| 
| #ifdef __STDC__
| # include <limits.h>
| #else
| # include <assert.h>
| #endif
| 
| #undef _doprnt
| 
| /* Override any GCC internal prototype to avoid an error.
|    Use char because int might match the return type of a GCC
|    builtin and then its argument prototype would still apply.  */
| #ifdef __cplusplus
| extern "C"
| #endif
| char _doprnt ();
| /* The GNU C library defines this for functions which it implements
|     to always fail with ENOSYS.  Some functions are actually named
|     something starting with __ and the normal name is an alias.  */
| #if defined __stub__doprnt || defined __stub____doprnt
| choke me
| #endif
| 
| int
| main ()
| {
| return _doprnt ();
|   ;
|   return 0;
| }
configure:3818: result: no
configure:3829: checking for SHA1 in -lcrypto
configure:3854: gcc -o conftest -O3 -Wall  -O3 -Wall conftest.c -lcrypto   >&5
configure:3854: $? = 0
configure:3863: result: yes
configure:3876: checking for EVP_aes_128_cbc in -lcrypto
configure:3901: gcc -o conftest -O3 -Wall  -O3 -Wall conftest.c -lcrypto  -lcrypto  >&5
configure:3901: $? = 0
configure:3910: result: yes
configure:3926: checking for strchr
configure:3926: gcc -o conftest -O3 -Wall  -O3 -Wall conftest.c -lcrypto -lcrypto  >&5
conftest.c:52:6: warning: conflicting types for built-in function 'strchr'; expected 'char *(const char *, int)' [-Wbuiltin-declaration-mismatch]
   52 | char strchr ();
      |      ^~~~~~
conftest.c:40:1: note: 'strchr' is declared in header '<string.h>'
   39 | # include <limits.h>
   40 | #else
configure:3926: $? = 0
configure:3926: result: yes
configure:3926: checking for strdup
configure:3926: gcc -o conftest -O3 -Wall  -O3 -Wall conftest.c -lcrypto -lcrypto  >&5
conftest.c:53:6: warning: conflicting types for built-in function 'strdup'; expected 'char *(const char *)' [-Wbuiltin-declaration-mismatch]
   53 | char strdup ();
      |      ^~~~~~
configure:3926: $? = 0
configure:3926: result: yes
configure:3926: checking for memset
configure:3926: gcc -o conftest -O3 -Wall  -O3 -Wall conftest.c -lcrypto -lcrypto  >&5
conftest.c:54:6: warning: conflicting types for built-in function 'memset'; expected 'void *(void *, int,  long unsigned int)' [-Wbuiltin-declaration-mismatch]
   54 | char memset ();
      |      ^~~~~~
conftest.c:42:1: note: 'memset' is declared in header '<string.h>'
   41 | # include <limits.h>
   42 | #else
configure:3926: $? = 0
configure:3926: result: yes
configure:4026: checking for pkg-config
configure:4044: found /usr/bin/pkg-config
configure:4056: result: /usr/bin/pkg-config
configure:4081: checking pkg-config is at least version 0.16
configure:4084: result: yes
configure:4102: checking for GLIB
configure:4109: $PKG_CONFIG --exists --print-errors "$pkg_config_args"
configure:4112: $? = 0
configure:4126: $PKG_CONFIG --exists --print-errors "$pkg_config_args"
configure:4129: $? = 0
configure:4167: result: yes
configure:4177: $PKG_CONFIG --exists --print-errors "glib-2.0"
configure:4180: $? = 0
configure:4200: $PKG_CONFIG --exists --print-errors "glib-2.0"
configure:4203: $? = 0
configure:4223: $PKG_CONFIG --exists --print-errors "glib-2.0"
configure:4226: $? = 0
configure:4246: $PKG_CONFIG --exists --print-errors "gio-2.0"
configure:4249: $? = 0
configure:4265: checking for GLIB - version >= 2.0.0
configure:4370: gcc -o conftest -O3 -Wall -I/usr/include/glib-2.0 -I/usr/lib/x86_64-linux-gnu/glib-2.0/include  -O3 -Wall conftest.c -lglib-2.0 -lcrypto -lcrypto  >&5
configure:4370: $? = 0
configure:4370: ./conftest
configure:4370: $? = 0
configure:4384: result: yes (version 2.64.6)
configure:4448: checking for GMP version >= 4.0.0 or later
configure:4495: gcc -o conftest -O3 -Wall   -O3 -Wall conftest.c -lcrypto -lcrypto  -lgmp >&5
configure:4495: $? = 0
configure:4510: gcc -o conftest -O3 -Wall   -O3 -Wall conftest.c -lcrypto -lcrypto  -lgmp >&5
configure:4510: $? = 0
configure:4510: ./conftest
configure:4510: $? = 0
configure:4512: result: found
configure:4571: checking for the PBC library
configure:4618: gcc -o conftest -O3 -Wall  -I/usr/include/pbc -I/usr/local/include/pbc  -O3 -Wall conftest.c -lcrypto -lcrypto  -lgmp -lpbc >&5
configure:4618: $? = 0
configure:4620: result: found
configure:4659: checking for libbswabe
configure:4709: gcc -o conftest -O3 -Wall  -I/usr/include/pbc -I/usr/local/include/pbc  -I/usr/include/glib-2.0 -I/usr/lib/x86_64-linux-gnu/glib-2.0/include  -O3 -Wall conftest.c -lcrypto -lcrypto  -lbswabe -lpbc -lgmp -lglib-2.0 >&5
conftest.c: In function 'main':
conftest.c:41:4: warning: 'p' is used uninitialized in this function [-Wuninitialized]
   41 |    bswabe_pub_free(p);
      |    ^~~~~~~~~~~~~~~~~~
configure:4709: $? = 0
configure:4711: result: found
configure:4895: creating ./config.status

## ---------------------- ##
## Running config.status. ##
## ---------------------- ##

This file was extended by seabrew config.status 0.1, which was
generated by GNU Autoconf 2.69.  Invocation command line was

  CONFIG_FILES    = 
  CONFIG_HEADERS  = 
  CONFIG_LINKS    = 
  CONFIG_COMMANDS = 
  $ ./config.status 

on luigi-HP

config.status:737: creating Makefile

## ---------------- ##
## Cache variables. ##
## ---------------- ##

ac_cv_c_compiler_gnu=yes
ac_cv_c_const=yes
ac_cv_c_uint32_t=yes
ac_cv_env_CC_set=
ac_cv_env_CC_value=
ac_cv_env_CFLAGS_set=
ac_cv_env_CFLAGS_value=
ac_cv_env_CPPFLAGS_set=
ac_cv_env_CPPFLAGS_value=
ac_cv_env_CPP_set=
ac_cv_env_CPP_value=
ac_cv_env_GLIB_CFLAGS_set=
ac_cv_env_GLIB_CFLAGS_value=
ac_cv_env_GLIB_COMPILE_RESOURCES_set=
ac_cv_env_GLIB_COMPILE_RESOURCES_value=
ac_cv_env_GLIB_GENMARSHAL_set=
ac_cv_env_GLIB_GENMARSHAL_value=
ac_cv_env_GLIB_LIBS_set=
ac_cv_env_GLIB_LIBS_value=
ac_cv_env_GLIB_MKENUMS_set=
ac_cv_env_GLIB_MKENUMS_value=
ac_cv_env_GOBJECT_QUERY_set=
ac_cv_env_GOBJECT_QUERY_value=
ac_cv_env_LDFLAGS_set=
ac_cv_env_LDFLAGS_value=
ac_cv_env_LIBS_set=
ac_cv_env_LIBS_value=
ac_cv_env_PKG_CONFIG_LIBDIR_set=
ac_cv_env_PKG_CONFIG_LIBDIR_value=
ac_cv_env_PKG_CONFIG_PATH_set=
ac_cv_env_PKG_CONFIG_PATH_value=
ac_cv_env_PKG_CONFIG_set=
ac_cv_env_PKG_CONFIG_value=
ac_cv_env_build_alias_set=
ac_cv_env_build_alias_value=
ac_cv_env_host_alias_set=
ac_cv_env_host_alias_value=
ac_cv_env_target_alias_set=
ac_cv_env_target_alias_value=
ac_cv_func__doprnt=no
ac_cv_func_lstat_dereferences_slashed_symlink=yes
ac_cv_func_malloc_0_nonnull=yes
ac_cv_func_memset=yes
ac_cv_func_stat_empty_string_bug=no
ac_cv_func_strchr=yes
ac_cv_func_strdup=yes
ac_cv_func_vprintf=yes
ac_cv_header_fcntl_h=yes
ac_cv_header_inttypes_h=yes
ac_cv_header_memory_h=yes
ac_cv_header_stdc=yes
ac_cv_header_stddef_h=yes
ac_cv_header_stdint_h=yes
ac_cv_header_stdlib_h=yes
ac_cv_header_string_h=yes
ac_cv_header_strings_h=yes
ac_cv_header_sys_stat_h=yes
ac_cv_header_sys_types_h=yes
ac_cv_header_unistd_h=yes
ac_cv_lib_crypto_EVP_aes_128_cbc=yes
ac_cv_lib_crypto_SHA1=yes
ac_cv_objext=o
ac_cv_path_EGREP='/usr/bin/grep -E'
ac_cv_path_GREP=/usr/bin/grep
ac_cv_path_ac_pt_PKG_CONFIG=/usr/bin/pkg-config
ac_cv_prog_CPP='gcc -E'
ac_cv_prog_ac_ct_CC=gcc
ac_cv_prog_cc_c89=
ac_cv_prog_cc_g=yes
pkg_cv_GLIB_CFLAGS='-I/usr/include/glib-2.0 -I/usr/lib/x86_64-linux-gnu/glib-2.0/include'
pkg_cv_GLIB_COMPILE_RESOURCES=/usr/bin/glib-compile-resources
pkg_cv_GLIB_GENMARSHAL=/usr/bin/glib-genmarshal
pkg_cv_GLIB_LIBS=-lglib-2.0
pkg_cv_GLIB_MKENUMS=/usr/bin/glib-mkenums
pkg_cv_GOBJECT_QUERY=/usr/bin/gobject-query

## ----------------- ##
## Output variables. ##
## ----------------- ##

BSWABE_CFLAGS=''
BSWABE_LIBS='-lbswabe'
CC='gcc'
CFLAGS='-O3 -Wall'
CPP='gcc -E'
CPPFLAGS=''
DEFS='-DPACKAGE_NAME=\"seabrew\" -DPACKAGE_TARNAME=\"seabrew\" -DPACKAGE_VERSION=\"0.1\" -DPACKAGE_STRING=\"seabrew\ 0.1\" -DPACKAGE_BUGREPORT=\"sea@brew.edu\" -DPACKAGE_URL=\"\" -DSTDC_HEADERS=1 -DHAVE_SYS_TYPES_H=1 -DHAVE_SYS_STAT_H=1 -DHAVE_STDLIB_H=1 -DHAVE_STRING_H=1 -DHAVE_MEMORY_H=1 -DHAVE_STRINGS_H=1 -DHAVE_INTTYPES_H=1 -DHAVE_STDINT_H=1 -DHAVE_UNISTD_H=1 -DSTDC_HEADERS=1 -DHAVE_FCNTL_H=1 -DHAVE_STDDEF_H=1 -DHAVE_STRING_H=1 -DHAVE_STDLIB_H=1 -DHAVE_MALLOC=1 -DLSTAT_FOLLOWS_SLASHED_SYMLINK=1 -DHAVE_VPRINTF=1 -DHAVE_LIBCRYPTO=1 -DHAVE_LIBCRYPTO=1 -DHAVE_STRCHR=1 -DHAVE_STRDUP=1 -DHAVE_MEMSET=1 -DHAVE_GMP=1 -DHAVE_PBC=1 -DHAVE_BSWABE=1'
ECHO_C=''
ECHO_N='-n'
ECHO_T=''
EGREP='/usr/bin/grep -E'
EXEEXT=''
GLIB_CFLAGS='-I/usr/include/glib-2.0 -I/usr/lib/x86_64-linux-gnu/glib-2.0/include'
GLIB_COMPILE_RESOURCES='/usr/bin/glib-compile-resources'
GLIB_GENMARSHAL='/usr/bin/glib-genmarshal'
GLIB_LIBS='-lglib-2.0'
GLIB_MKENUMS='/usr/bin/glib-mkenums'
GMP_CFLAGS=''
GMP_LIBS='-lgmp'
GOBJECT_QUERY='/usr/bin/gobject-query'
GREP='/usr/bin/grep'
LDFLAGS='-O3 -Wall'
LIBOBJS=''
LIBS='-lcrypto -lcrypto '
LTLIBOBJS=''
OBJEXT='o'
PACKAGE_BUGREPORT='sea@brew.edu'
PACKAGE_NAME='seabrew'
PACKAGE_STRING='seabrew 0.1'
PACKAGE_TARNAME='seabrew'
PACKAGE_URL=''
PACKAGE_VERSION='0.1'
PATH_SEPARATOR=':'
PBC_CFLAGS='-I/usr/include/pbc -I/usr/local/include/pbc'
PBC_LIBS='-lpbc'
PKG_CONFIG='/usr/bin/pkg-config'
PKG_CONFIG_LIBDIR=''
PKG_CONFIG_PATH=''
SHELL='/bin/bash'
ac_ct_CC='gcc'
bindir='${exec_prefix}/bin'
build_alias=''
datadir='${datarootdir}'
datarootdir='${prefix}/share'
docdir='${datarootdir}/doc/${PACKAGE_TARNAME}'
dvidir='${docdir}'
exec_prefix='${prefix}'
host_alias=''
htmldir='${docdir}'
includedir='${prefix}/include'
infodir='${datarootdir}/info'
libdir='${exec_prefix}/lib'
libexecdir='${exec_prefix}/libexec'
localedir='${datarootdir}/locale'
localstatedir='${prefix}/var'
mandir='${datarootdir}/man'
oldincludedir='/usr/include'
pdfdir='${docdir}'
prefix='/usr/local'
program_transform_name='s,x,x,'
psdir='${docdir}'
runstatedir='${localstatedir}/run'
sbindir='${exec_prefix}/sbin'
sharedstatedir='${prefix}/com'
sysconfdir='${prefix}/etc'
target_alias=''

## ----------- ##
## confdefs.h. ##
## ----------- ##

/* confdefs.h */
#define PACKAGE_NAME "seabrew"
#define PACKAGE_TARNAME "seabrew"
#define PACKAGE_VERSION "0.1"
#define PACKAGE_STRING "seabrew 0.1"
#define PACKAGE_BUGREPORT "sea@brew.edu"
#define PACKAGE_URL ""
#define STDC_HEADERS 1
#define HAVE_SYS_TYPES_H 1
#define HAVE_SYS_STAT_H 1
#define HAVE_STDLIB_H 1
#define HAVE_STRING_H 1
#define HAVE_MEMORY_H 1
#define HAVE_STRINGS_H 1
#define HAVE_INTTYPES_H 1
#define HAVE_STDINT_H 1
#define HAVE_UNISTD_H 1
#define STDC_HEADERS 1
#define HAVE_FCNTL_H 1
#define HAVE_STDDEF_H 1
#define HAVE_STRING_H 1
#define HAVE_STDLIB_H 1
#define HAVE_MALLOC 1
#define LSTAT_FOLLOWS_SLASHED_SYMLINK 1
#define HAVE_VPRINTF 1
#define HAVE_LIBCRYPTO 1
#define HAVE_LIBCRYPTO 1
#define HAVE_STRCHR 1
#define HAVE_STRDUP 1
#define HAVE_MEMSET 1
#define HAVE_GMP 1
#define HAVE_PBC 1
#define HAVE_BSWABE 1

configure: exit 0
