This file contains any messages produced by compilers while
running configure, to aid debugging if configure makes a mistake.

It was created by seabrew-abe configure 0.1, which was
generated by GNU Autoconf 2.69.  Invocation command line was

  $ ./configure 

## --------- ##
## Platform. ##
## --------- ##

hostname = luigi-HP
uname -m = x86_64
uname -r = 5.8.0-53-generic
uname -s = Linux
uname -v = #60~20.04.1-Ubuntu SMP Thu May 6 09:52:46 UTC 2021

/usr/bin/uname -p = x86_64
/bin/uname -X     = unknown

/bin/arch              = x86_64
/usr/bin/arch -k       = unknown
/usr/convex/getsysinfo = unknown
/usr/bin/hostinfo      = unknown
/bin/machine           = unknown
/usr/bin/oslevel       = unknown
/bin/universe          = unknown

PATH: /root/anaconda3/bin
PATH: /usr/local/sbin
PATH: /usr/local/bin
PATH: /usr/sbin
PATH: /usr/bin
PATH: /sbin
PATH: /bin
PATH: /usr/games
PATH: /usr/local/games
PATH: /snap/bin


## ----------- ##
## Core tests. ##
## ----------- ##

configure:2297: checking whether to enable debugging
configure:2315: result: no
configure:2322: checking for bison
configure:2338: found /usr/bin/bison
configure:2349: result: bison -y
configure:2409: checking for gcc
configure:2425: found /usr/bin/gcc
configure:2436: result: gcc
configure:2665: checking for C compiler version
configure:2674: gcc --version >&5
gcc (Ubuntu 10.3.0-1ubuntu1~20.04) 10.3.0
Copyright (C) 2020 Free Software Foundation, Inc.
This is free software; see the source for copying conditions.  There is NO
warranty; not even for MERCHANTABILITY or FITNESS FOR A PARTICULAR PURPOSE.

configure:2685: $? = 0
configure:2674: gcc -v >&5
Using built-in specs.
COLLECT_GCC=gcc
COLLECT_LTO_WRAPPER=/usr/lib/gcc/x86_64-linux-gnu/10/lto-wrapper
OFFLOAD_TARGET_NAMES=nvptx-none:amdgcn-amdhsa:hsa
OFFLOAD_TARGET_DEFAULT=1
Target: x86_64-linux-gnu
Configured with: ../src/configure -v --with-pkgversion='Ubuntu 10.3.0-1ubuntu1~20.04' --with-bugurl=file:///usr/share/doc/gcc-10/README.Bugs --enable-languages=c,ada,c++,go,brig,d,fortran,objc,obj-c++,m2 --prefix=/usr --with-gcc-major-version-only --program-suffix=-10 --program-prefix=x86_64-linux-gnu- --enable-shared --enable-linker-build-id --libexecdir=/usr/lib --without-included-gettext --enable-threads=posix --libdir=/usr/lib --enable-nls --enable-bootstrap --enable-clocale=gnu --enable-libstdcxx-debug --enable-libstdcxx-time=yes --with-default-libstdcxx-abi=new --enable-gnu-unique-object --disable-vtable-verify --enable-plugin --enable-default-pie --with-system-zlib --enable-libphobos-checking=release --with-target-system-zlib=auto --enable-objc-gc=auto --enable-multiarch --disable-werror --with-arch-32=i686 --with-abi=m64 --with-multilib-list=m32,m64,mx32 --enable-multilib --with-tune=generic --enable-offload-targets=nvptx-none=/build/gcc-10-S4I5Pr/gcc-10-10.3.0/debian/tmp-nvptx/usr,amdgcn-amdhsa=/build/gcc-10-S4I5Pr/gcc-10-10.3.0/debian/tmp-gcn/usr,hsa --without-cuda-driver --enable-checking=release --build=x86_64-linux-gnu --host=x86_64-linux-gnu --target=x86_64-linux-gnu --with-build-config=bootstrap-lto-lean --enable-link-mutex
Thread model: posix
Supported LTO compression algorithms: zlib zstd
gcc version 10.3.0 (Ubuntu 10.3.0-1ubuntu1~20.04) 
... rest of stderr output deleted ...
configure:2685: $? = 0
configure:2674: gcc -V >&5
gcc: error: unrecognized command-line option '-V'
gcc: fatal error: no input files
compilation terminated.
configure:2685: $? = 1
configure:2674: gcc -qversion >&5
gcc: error: unrecognized command-line option '-qversion'; did you mean '--version'?
gcc: fatal error: no input files
compilation terminated.
configure:2685: $? = 1
configure:2705: checking whether the C compiler works
configure:2727: gcc -O3 -Wall  -O3 -Wall conftest.c  >&5
configure:2731: $? = 0
configure:2779: result: yes
configure:2782: checking for C compiler default output file name
configure:2784: result: a.out
configure:2790: checking for suffix of executables
configure:2797: gcc -o conftest -O3 -Wall  -O3 -Wall conftest.c  >&5
configure:2801: $? = 0
configure:2823: result: 
configure:2845: checking whether we are cross compiling
configure:2853: gcc -o conftest -O3 -Wall  -O3 -Wall conftest.c  >&5
configure:2857: $? = 0
configure:2864: ./conftest
configure:2868: $? = 0
configure:2856: result: no
configure:2861: checking for suffix of object files
configure:2883: gcc -c -O3 -Wall  conftest.c >&5
configure:2887: $? = 0
configure:2908: result: o
configure:2912: checking whether we are using the GNU C compiler
configure:2931: gcc -c -O3 -Wall  conftest.c >&5
configure:2931: $? = 0
configure:2940: result: yes
configure:2949: checking whether gcc accepts -g
configure:2969: gcc -c -g  conftest.c >&5
configure:2969: $? = 0
configure:3010: result: yes
configure:3027: checking for gcc option to accept ISO C89
configure:3090: gcc  -c -O3 -Wall  conftest.c >&5
configure:3090: $? = 0
configure:3103: result: none needed
configure:3130: checking for an ANSI C-conforming const
configure:3196: gcc -c -O3 -Wall  conftest.c >&5
configure:3196: $? = 0
configure:3203: result: yes
configure:3216: checking how to run the C preprocessor
configure:3247: gcc -E  conftest.c
configure:3247: $? = 0
configure:3261: gcc -E  conftest.c
conftest.c:9:10: fatal error: ac_nonexistent.h: No such file or directory
    9 | #include <ac_nonexistent.h>
      |          ^~~~~~~~~~~~~~~~~~
compilation terminated.
configure:3261: $? = 1
configure: failed program was:
| /* confdefs.h */
| #define PACKAGE_NAME "seabrew-abe"
| #define PACKAGE_TARNAME "seabrew-abe"
| #define PACKAGE_VERSION "0.1"
| #define PACKAGE_STRING "seabrew-abe 0.1"
| #define PACKAGE_BUGREPORT "seabrew@abe.it"
| #define PACKAGE_URL ""
| /* end confdefs.h.  */
| #include <ac_nonexistent.h>
configure:3286: result: gcc -E
configure:3306: gcc -E  conftest.c
configure:3306: $? = 0
configure:3320: gcc -E  conftest.c
conftest.c:9:10: fatal error: ac_nonexistent.h: No such file or directory
    9 | #include <ac_nonexistent.h>
      |          ^~~~~~~~~~~~~~~~~~
compilation terminated.
configure:3320: $? = 1
configure: failed program was:
| /* confdefs.h */
| #define PACKAGE_NAME "seabrew-abe"
| #define PACKAGE_TARNAME "seabrew-abe"
| #define PACKAGE_VERSION "0.1"
| #define PACKAGE_STRING "seabrew-abe 0.1"
| #define PACKAGE_BUGREPORT "seabrew@abe.it"
| #define PACKAGE_URL ""
| /* end confdefs.h.  */
| #include <ac_nonexistent.h>
configure:3349: checking for grep that handles long lines and -e
configure:3407: result: /usr/bin/grep
configure:3412: checking for egrep
configure:3474: result: /usr/bin/grep -E
configure:3479: checking for ANSI C header files
configure:3499: gcc -c -O3 -Wall  conftest.c >&5
configure:3499: $? = 0
configure:3572: gcc -o conftest -O3 -Wall  -O3 -Wall conftest.c  >&5
configure:3572: $? = 0
configure:3572: ./conftest
configure:3572: $? = 0
configure:3583: result: yes
configure:3596: checking for sys/types.h
configure:3596: gcc -c -O3 -Wall  conftest.c >&5
configure:3596: $? = 0
configure:3596: result: yes
configure:3596: checking for sys/stat.h
configure:3596: gcc -c -O3 -Wall  conftest.c >&5
configure:3596: $? = 0
configure:3596: result: yes
configure:3596: checking for stdlib.h
configure:3596: gcc -c -O3 -Wall  conftest.c >&5
configure:3596: $? = 0
configure:3596: result: yes
configure:3596: checking for string.h
configure:3596: gcc -c -O3 -Wall  conftest.c >&5
configure:3596: $? = 0
configure:3596: result: yes
configure:3596: checking for memory.h
configure:3596: gcc -c -O3 -Wall  conftest.c >&5
configure:3596: $? = 0
configure:3596: result: yes
configure:3596: checking for strings.h
configure:3596: gcc -c -O3 -Wall  conftest.c >&5
configure:3596: $? = 0
configure:3596: result: yes
configure:3596: checking for inttypes.h
configure:3596: gcc -c -O3 -Wall  conftest.c >&5
configure:3596: $? = 0
configure:3596: result: yes
configure:3596: checking for stdint.h
configure:3596: gcc -c -O3 -Wall  conftest.c >&5
configure:3596: $? = 0
configure:3596: result: yes
configure:3596: checking for unistd.h
configure:3596: gcc -c -O3 -Wall  conftest.c >&5
configure:3596: $? = 0
configure:3596: result: yes
configure:3608: checking for size_t
configure:3608: gcc -c -O3 -Wall  conftest.c >&5
configure:3608: $? = 0
configure:3608: gcc -c -O3 -Wall  conftest.c >&5
conftest.c: In function 'main':
conftest.c:55:21: error: expected expression before ')' token
   55 | if (sizeof ((size_t)))
      |                     ^
configure:3608: $? = 1
configure: failed program was:
| /* confdefs.h */
| #define PACKAGE_NAME "seabrew-abe"
| #define PACKAGE_TARNAME "seabrew-abe"
| #define PACKAGE_VERSION "0.1"
| #define PACKAGE_STRING "seabrew-abe 0.1"
| #define PACKAGE_BUGREPORT "seabrew@abe.it"
| #define PACKAGE_URL ""
| #define STDC_HEADERS 1
| #define HAVE_SYS_TYPES_H 1
| #define HAVE_SYS_STAT_H 1
| #define HAVE_STDLIB_H 1
| #define HAVE_STRING_H 1
| #define HAVE_MEMORY_H 1
| #define HAVE_STRINGS_H 1
| #define HAVE_INTTYPES_H 1
| #define HAVE_STDINT_H 1
| #define HAVE_UNISTD_H 1
| /* end confdefs.h.  */
| #include <stdio.h>
| #ifdef HAVE_SYS_TYPES_H
| # include <sys/types.h>
| #endif
| #ifdef HAVE_SYS_STAT_H
| # include <sys/stat.h>
| #endif
| #ifdef STDC_HEADERS
| # include <stdlib.h>
| # include <stddef.h>
| #else
| # ifdef HAVE_STDLIB_H
| #  include <stdlib.h>
| # endif
| #endif
| #ifdef HAVE_STRING_H
| # if !defined STDC_HEADERS && defined HAVE_MEMORY_H
| #  include <memory.h>
| # endif
| # include <string.h>
| #endif
| #ifdef HAVE_STRINGS_H
| # include <strings.h>
| #endif
| #ifdef HAVE_INTTYPES_H
| # include <inttypes.h>
| #endif
| #ifdef HAVE_STDINT_H
| # include <stdint.h>
| #endif
| #ifdef HAVE_UNISTD_H
| # include <unistd.h>
| #endif
| int
| main ()
| {
| if (sizeof ((size_t)))
| 	    return 0;
|   ;
|   return 0;
| }
configure:3608: result: yes
configure:3619: checking for uint32_t
configure:3619: gcc -c -O3 -Wall  conftest.c >&5
configure:3619: $? = 0
configure:3619: result: yes
configure:3633: checking for uint64_t
configure:3633: gcc -c -O3 -Wall  conftest.c >&5
configure:3633: $? = 0
configure:3633: result: yes
configure:3648: checking for ANSI C header files
configure:3752: result: yes
configure:3763: checking fcntl.h usability
configure:3763: gcc -c -O3 -Wall  conftest.c >&5
configure:3763: $? = 0
configure:3763: result: yes
configure:3763: checking fcntl.h presence
configure:3763: gcc -E  conftest.c
configure:3763: $? = 0
configure:3763: result: yes
configure:3763: checking for fcntl.h
configure:3763: result: yes
configure:3763: checking stddef.h usability
configure:3763: gcc -c -O3 -Wall  conftest.c >&5
configure:3763: $? = 0
configure:3763: result: yes
configure:3763: checking stddef.h presence
configure:3763: gcc -E  conftest.c
configure:3763: $? = 0
configure:3763: result: yes
configure:3763: checking for stddef.h
configure:3763: result: yes
configure:3763: checking for string.h
configure:3763: result: yes
configure:3778: checking for stdlib.h
configure:3778: result: yes
configure:3788: checking for GNU libc compatible malloc
configure:3812: gcc -o conftest -O3 -Wall  -O3 -Wall conftest.c  >&5
configure:3812: $? = 0
configure:3812: ./conftest
configure:3812: $? = 0
configure:3822: result: yes
configure:3843: checking whether lstat correctly handles trailing slash
configure:3869: gcc -o conftest -O3 -Wall  -O3 -Wall conftest.c  >&5
configure:3869: $? = 0
configure:3869: ./conftest
configure:3869: $? = 0
configure:3886: result: yes
configure:3905: checking whether stat accepts an empty string
configure:3925: gcc -o conftest -O3 -Wall  -O3 -Wall conftest.c  >&5
configure:3925: $? = 0
configure:3925: ./conftest
configure:3925: $? = 0
configure:3935: result: no
configure:3953: checking for vprintf
configure:3953: gcc -o conftest -O3 -Wall  -O3 -Wall conftest.c  >&5
conftest.c:49:6: warning: conflicting types for built-in function 'vprintf'; expected 'int(const char *, __va_list_tag *)' [-Wbuiltin-declaration-mismatch]
   49 | char vprintf ();
      |      ^~~~~~~
conftest.c:37:1: note: 'vprintf' is declared in header '<stdio.h>'
   36 | # include <limits.h>
   37 | #else
configure:3953: $? = 0
configure:3953: result: yes
configure:3959: checking for _doprnt
configure:3959: gcc -o conftest -O3 -Wall  -O3 -Wall conftest.c  >&5
/usr/bin/ld: /tmp/ccuU9CxM.o: in function `main':
conftest.c:(.text.startup+0xb): undefined reference to `_doprnt'
collect2: error: ld returned 1 exit status
configure:3959: $? = 1
configure: failed program was:
| /* confdefs.h */
| #define PACKAGE_NAME "seabrew-abe"
| #define PACKAGE_TARNAME "seabrew-abe"
| #define PACKAGE_VERSION "0.1"
| #define PACKAGE_STRING "seabrew-abe 0.1"
| #define PACKAGE_BUGREPORT "seabrew@abe.it"
| #define PACKAGE_URL ""
| #define STDC_HEADERS 1
| #define HAVE_SYS_TYPES_H 1
| #define HAVE_SYS_STAT_H 1
| #define HAVE_STDLIB_H 1
| #define HAVE_STRING_H 1
| #define HAVE_MEMORY_H 1
| #define HAVE_STRINGS_H 1
| #define HAVE_INTTYPES_H 1
| #define HAVE_STDINT_H 1
| #define HAVE_UNISTD_H 1
| #define STDC_HEADERS 1
| #define HAVE_FCNTL_H 1
| #define HAVE_STDDEF_H 1
| #define HAVE_STRING_H 1
| #define HAVE_STDLIB_H 1
| #define HAVE_MALLOC 1
| #define LSTAT_FOLLOWS_SLASHED_SYMLINK 1
| #define HAVE_VPRINTF 1
| /* end confdefs.h.  */
| /* Define _doprnt to an innocuous variant, in case <limits.h> declares _doprnt.
|    For example, HP-UX 11i <limits.h> declares gettimeofday.  */
| #define _doprnt innocuous__doprnt
| 
| /* System header to define __stub macros and hopefully few prototypes,
|     which can conflict with char _doprnt (); below.
|     Prefer <limits.h> to <assert.h> if __STDC__ is defined, since
|     <limits.h> exists even on freestanding compilers.  */
| 
| #ifdef __STDC__
| # include <limits.h>
| #else
| # include <assert.h>
| #endif
| 
| #undef _doprnt
| 
| /* Override any GCC internal prototype to avoid an error.
|    Use char because int might match the return type of a GCC
|    builtin and then its argument prototype would still apply.  */
| #ifdef __cplusplus
| extern "C"
| #endif
| char _doprnt ();
| /* The GNU C library defines this for functions which it implements
|     to always fail with ENOSYS.  Some functions are actually named
|     something starting with __ and the normal name is an alias.  */
| #if defined __stub__doprnt || defined __stub____doprnt
| choke me
| #endif
| 
| int
| main ()
| {
| return _doprnt ();
|   ;
|   return 0;
| }
configure:3959: result: no
configure:3970: checking for SHA1 in -lcrypto
configure:3995: gcc -o conftest -O3 -Wall  -O3 -Wall conftest.c -lcrypto   >&5
configure:3995: $? = 0
configure:4004: result: yes
configure:4017: checking for EVP_aes_128_cbc in -lcrypto
configure:4042: gcc -o conftest -O3 -Wall  -O3 -Wall conftest.c -lcrypto  -lcrypto  >&5
configure:4042: $? = 0
configure:4051: result: yes
configure:4067: checking for strchr
configure:4067: gcc -o conftest -O3 -Wall  -O3 -Wall conftest.c -lcrypto -lcrypto  >&5
conftest.c:52:6: warning: conflicting types for built-in function 'strchr'; expected 'char *(const char *, int)' [-Wbuiltin-declaration-mismatch]
   52 | char strchr ();
      |      ^~~~~~
conftest.c:40:1: note: 'strchr' is declared in header '<string.h>'
   39 | # include <limits.h>
   40 | #else
configure:4067: $? = 0
configure:4067: result: yes
configure:4067: checking for strdup
configure:4067: gcc -o conftest -O3 -Wall  -O3 -Wall conftest.c -lcrypto -lcrypto  >&5
conftest.c:53:6: warning: conflicting types for built-in function 'strdup'; expected 'char *(const char *)' [-Wbuiltin-declaration-mismatch]
   53 | char strdup ();
      |      ^~~~~~
configure:4067: $? = 0
configure:4067: result: yes
configure:4067: checking for memset
configure:4067: gcc -o conftest -O3 -Wall  -O3 -Wall conftest.c -lcrypto -lcrypto  >&5
conftest.c:54:6: warning: conflicting types for built-in function 'memset'; expected 'void *(void *, int,  long unsigned int)' [-Wbuiltin-declaration-mismatch]
   54 | char memset ();
      |      ^~~~~~
conftest.c:42:1: note: 'memset' is declared in header '<string.h>'
   41 | # include <limits.h>
   42 | #else
configure:4067: $? = 0
configure:4067: result: yes
configure:4167: checking for pkg-config
configure:4185: found /usr/bin/pkg-config
configure:4197: result: /usr/bin/pkg-config
configure:4222: checking pkg-config is at least version 0.16
configure:4225: result: yes
configure:4243: checking for GLIB
configure:4250: $PKG_CONFIG --exists --print-errors "$pkg_config_args"
configure:4253: $? = 0
configure:4267: $PKG_CONFIG --exists --print-errors "$pkg_config_args"
configure:4270: $? = 0
configure:4308: result: yes
configure:4318: $PKG_CONFIG --exists --print-errors "glib-2.0"
configure:4321: $? = 0
configure:4341: $PKG_CONFIG --exists --print-errors "glib-2.0"
configure:4344: $? = 0
configure:4364: $PKG_CONFIG --exists --print-errors "glib-2.0"
configure:4367: $? = 0
configure:4387: $PKG_CONFIG --exists --print-errors "gio-2.0"
configure:4390: $? = 0
configure:4406: checking for GLIB - version >= 2.0.0
configure:4511: gcc -o conftest -O3 -Wall -I/usr/include/glib-2.0 -I/usr/lib/x86_64-linux-gnu/glib-2.0/include  -O3 -Wall conftest.c -lglib-2.0 -lcrypto -lcrypto  >&5
configure:4511: $? = 0
configure:4511: ./conftest
configure:4511: $? = 0
configure:4525: result: yes (version 2.64.6)
configure:4589: checking for GMP version >= 4.0.0 or later
configure:4636: gcc -o conftest -O3 -Wall   -O3 -Wall conftest.c -lcrypto -lcrypto  -Wl,-rpath /usr/local/lib -lgmp >&5
configure:4636: $? = 0
configure:4651: gcc -o conftest -O3 -Wall   -O3 -Wall conftest.c -lcrypto -lcrypto  -Wl,-rpath /usr/local/lib -lgmp >&5
configure:4651: $? = 0
configure:4651: ./conftest
configure:4651: $? = 0
configure:4653: result: found
configure:4712: checking for the PBC library
configure:4759: gcc -o conftest -O3 -Wall -I/usr/include/pbc -I/usr/local/include/pbc   -O3 -Wall conftest.c -lcrypto -lcrypto  -Wl,-rpath /usr/local/lib -lpbc -Wl,-rpath /usr/local/lib -lgmp >&5
configure:4759: $? = 0
configure:4761: result: found
configure:4800: checking for libbswabe
configure:4850: gcc -o conftest -O3 -Wall  -I/usr/include/pbc -I/usr/local/include/pbc  -I/usr/include/glib-2.0 -I/usr/lib/x86_64-linux-gnu/glib-2.0/include  -O3 -Wall conftest.c -lcrypto -lcrypto  -lbswabe -Wl,-rpath /usr/local/lib -lpbc -Wl,-rpath /usr/local/lib -lgmp -lglib-2.0 >&5
conftest.c: In function 'main':
conftest.c:41:4: warning: 'p' is used uninitialized in this function [-Wuninitialized]
   41 |    bswabe_pub_free(p);
      |    ^~~~~~~~~~~~~~~~~~
configure:4850: $? = 0
configure:4852: result: found
configure:4893: checking for libseabrew
configure:4943: gcc -o conftest -O3 -Wall   -I/usr/include/pbc -I/usr/local/include/pbc  -I/usr/include/glib-2.0 -I/usr/lib/x86_64-linux-gnu/glib-2.0/include  -O3 -Wall conftest.c -lcrypto -lcrypto  -lseabrew -lbswabe -Wl,-rpath /usr/local/lib -lpbc -Wl,-rpath /usr/local/lib -lgmp -lglib-2.0 >&5
conftest.c: In function 'main':
conftest.c:42:4: warning: 'p' is used uninitialized in this function [-Wuninitialized]
   42 |    seabrew_bswabe_pub_free(p);
      |    ^~~~~~~~~~~~~~~~~~~~~~~~~~
configure:4943: $? = 0
configure:4945: result: found
configure:5129: creating ./config.status

## ---------------------- ##
## Running config.status. ##
## ---------------------- ##

This file was extended by seabrew-abe config.status 0.1, which was
generated by GNU Autoconf 2.69.  Invocation command line was

  CONFIG_FILES    = 
  CONFIG_HEADERS  = 
  CONFIG_LINKS    = 
  CONFIG_COMMANDS = 
  $ ./config.status 

on luigi-HP

config.status:741: creating Makefile
config.status:840: WARNING:  'Makefile.in' seems to ignore the --datarootdir setting

## ---------------- ##
## Cache variables. ##
## ---------------- ##

ac_cv_c_compiler_gnu=yes
ac_cv_c_const=yes
ac_cv_c_uint32_t=yes
ac_cv_c_uint64_t=yes
ac_cv_env_CC_set=
ac_cv_env_CC_value=
ac_cv_env_CFLAGS_set=
ac_cv_env_CFLAGS_value=
ac_cv_env_CPPFLAGS_set=
ac_cv_env_CPPFLAGS_value=
ac_cv_env_CPP_set=
ac_cv_env_CPP_value=
ac_cv_env_GLIB_CFLAGS_set=
ac_cv_env_GLIB_CFLAGS_value=
ac_cv_env_GLIB_COMPILE_RESOURCES_set=
ac_cv_env_GLIB_COMPILE_RESOURCES_value=
ac_cv_env_GLIB_GENMARSHAL_set=
ac_cv_env_GLIB_GENMARSHAL_value=
ac_cv_env_GLIB_LIBS_set=
ac_cv_env_GLIB_LIBS_value=
ac_cv_env_GLIB_MKENUMS_set=
ac_cv_env_GLIB_MKENUMS_value=
ac_cv_env_GOBJECT_QUERY_set=
ac_cv_env_GOBJECT_QUERY_value=
ac_cv_env_LDFLAGS_set=
ac_cv_env_LDFLAGS_value=
ac_cv_env_LIBS_set=
ac_cv_env_LIBS_value=
ac_cv_env_PKG_CONFIG_LIBDIR_set=
ac_cv_env_PKG_CONFIG_LIBDIR_value=
ac_cv_env_PKG_CONFIG_PATH_set=
ac_cv_env_PKG_CONFIG_PATH_value=
ac_cv_env_PKG_CONFIG_set=
ac_cv_env_PKG_CONFIG_value=
ac_cv_env_YACC_set=
ac_cv_env_YACC_value=
ac_cv_env_YFLAGS_set=
ac_cv_env_YFLAGS_value=
ac_cv_env_build_alias_set=
ac_cv_env_build_alias_value=
ac_cv_env_host_alias_set=
ac_cv_env_host_alias_value=
ac_cv_env_target_alias_set=
ac_cv_env_target_alias_value=
ac_cv_func__doprnt=no
ac_cv_func_lstat_dereferences_slashed_symlink=yes
ac_cv_func_malloc_0_nonnull=yes
ac_cv_func_memset=yes
ac_cv_func_stat_empty_string_bug=no
ac_cv_func_strchr=yes
ac_cv_func_strdup=yes
ac_cv_func_vprintf=yes
ac_cv_header_fcntl_h=yes
ac_cv_header_inttypes_h=yes
ac_cv_header_memory_h=yes
ac_cv_header_stdc=yes
ac_cv_header_stddef_h=yes
ac_cv_header_stdint_h=yes
ac_cv_header_stdlib_h=yes
ac_cv_header_string_h=yes
ac_cv_header_strings_h=yes
ac_cv_header_sys_stat_h=yes
ac_cv_header_sys_types_h=yes
ac_cv_header_unistd_h=yes
ac_cv_lib_crypto_EVP_aes_128_cbc=yes
ac_cv_lib_crypto_SHA1=yes
ac_cv_objext=o
ac_cv_path_EGREP='/usr/bin/grep -E'
ac_cv_path_GREP=/usr/bin/grep
ac_cv_path_ac_pt_PKG_CONFIG=/usr/bin/pkg-config
ac_cv_prog_CPP='gcc -E'
ac_cv_prog_YACC='bison -y'
ac_cv_prog_ac_ct_CC=gcc
ac_cv_prog_cc_c89=
ac_cv_prog_cc_g=yes
ac_cv_type_size_t=yes
pkg_cv_GLIB_CFLAGS='-I/usr/include/glib-2.0 -I/usr/lib/x86_64-linux-gnu/glib-2.0/include'
pkg_cv_GLIB_COMPILE_RESOURCES=/usr/bin/glib-compile-resources
pkg_cv_GLIB_GENMARSHAL=/usr/bin/glib-genmarshal
pkg_cv_GLIB_LIBS=-lglib-2.0
pkg_cv_GLIB_MKENUMS=/usr/bin/glib-mkenums
pkg_cv_GOBJECT_QUERY=/usr/bin/gobject-query

## ----------------- ##
## Output variables. ##
## ----------------- ##

BSWABE_CFLAGS=''
BSWABE_LIBS='-lbswabe'
CC='gcc'
CFLAGS='-O3 -Wall'
CPP='gcc -E'
CPPFLAGS=''
DEFS='-DPACKAGE_NAME=\"seabrew-abe\" -DPACKAGE_TARNAME=\"seabrew-abe\" -DPACKAGE_VERSION=\"0.1\" -DPACKAGE_STRING=\"seabrew-abe\ 0.1\" -DPACKAGE_BUGREPORT=\"seabrew@abe.it\" -DPACKAGE_URL=\"\" -DSTDC_HEADERS=1 -DHAVE_SYS_TYPES_H=1 -DHAVE_SYS_STAT_H=1 -DHAVE_STDLIB_H=1 -DHAVE_STRING_H=1 -DHAVE_MEMORY_H=1 -DHAVE_STRINGS_H=1 -DHAVE_INTTYPES_H=1 -DHAVE_STDINT_H=1 -DHAVE_UNISTD_H=1 -DSTDC_HEADERS=1 -DHAVE_FCNTL_H=1 -DHAVE_STDDEF_H=1 -DHAVE_STRING_H=1 -DHAVE_STDLIB_H=1 -DHAVE_MALLOC=1 -DLSTAT_FOLLOWS_SLASHED_SYMLINK=1 -DHAVE_VPRINTF=1 -DHAVE_LIBCRYPTO=1 -DHAVE_LIBCRYPTO=1 -DHAVE_STRCHR=1 -DHAVE_STRDUP=1 -DHAVE_MEMSET=1 -DHAVE_GMP=1 -DHAVE_PBC=1 -DHAVE_BSWABE=1 -DHAVE_SEABREW=1'
ECHO_C=''
ECHO_N='-n'
ECHO_T=''
EGREP='/usr/bin/grep -E'
EXEEXT=''
GLIB_CFLAGS='-I/usr/include/glib-2.0 -I/usr/lib/x86_64-linux-gnu/glib-2.0/include'
GLIB_COMPILE_RESOURCES='/usr/bin/glib-compile-resources'
GLIB_GENMARSHAL='/usr/bin/glib-genmarshal'
GLIB_LIBS='-lglib-2.0'
GLIB_MKENUMS='/usr/bin/glib-mkenums'
GMP_CFLAGS=''
GMP_LIBS='-Wl,-rpath /usr/local/lib -lgmp'
GOBJECT_QUERY='/usr/bin/gobject-query'
GREP='/usr/bin/grep'
LDFLAGS='-O3 -Wall'
LIBOBJS=''
LIBS='-lcrypto -lcrypto '
LTLIBOBJS=''
OBJEXT='o'
PACKAGE_BUGREPORT='seabrew@abe.it'
PACKAGE_NAME='seabrew-abe'
PACKAGE_STRING='seabrew-abe 0.1'
PACKAGE_TARNAME='seabrew-abe'
PACKAGE_URL=''
PACKAGE_VERSION='0.1'
PATH_SEPARATOR=':'
PBC_CFLAGS='-I/usr/include/pbc -I/usr/local/include/pbc'
PBC_LIBS='-Wl,-rpath /usr/local/lib -lpbc'
PKG_CONFIG='/usr/bin/pkg-config'
PKG_CONFIG_LIBDIR=''
PKG_CONFIG_PATH=''
SEABREW_CFLAGS=''
SEABREW_LIBS='-lseabrew'
SHELL='/bin/bash'
YACC='bison -y'
YFLAGS=''
ac_ct_CC='gcc'
bindir='${exec_prefix}/bin'
build_alias=''
datadir='${datarootdir}'
datarootdir='${prefix}/share'
docdir='${datarootdir}/doc/${PACKAGE_TARNAME}'
dvidir='${docdir}'
exec_prefix='${prefix}'
host_alias=''
htmldir='${docdir}'
includedir='${prefix}/include'
infodir='${datarootdir}/info'
libdir='${exec_prefix}/lib'
libexecdir='${exec_prefix}/libexec'
localedir='${datarootdir}/locale'
localstatedir='${prefix}/var'
mandir='${datarootdir}/man'
oldincludedir='/usr/include'
pdfdir='${docdir}'
prefix='/usr/local'
program_transform_name='s,x,x,'
psdir='${docdir}'
runstatedir='${localstatedir}/run'
sbindir='${exec_prefix}/sbin'
sharedstatedir='${prefix}/com'
sysconfdir='${prefix}/etc'
target_alias=''

## ----------- ##
## confdefs.h. ##
## ----------- ##

/* confdefs.h */
#define PACKAGE_NAME "seabrew-abe"
#define PACKAGE_TARNAME "seabrew-abe"
#define PACKAGE_VERSION "0.1"
#define PACKAGE_STRING "seabrew-abe 0.1"
#define PACKAGE_BUGREPORT "seabrew@abe.it"
#define PACKAGE_URL ""
#define STDC_HEADERS 1
#define HAVE_SYS_TYPES_H 1
#define HAVE_SYS_STAT_H 1
#define HAVE_STDLIB_H 1
#define HAVE_STRING_H 1
#define HAVE_MEMORY_H 1
#define HAVE_STRINGS_H 1
#define HAVE_INTTYPES_H 1
#define HAVE_STDINT_H 1
#define HAVE_UNISTD_H 1
#define STDC_HEADERS 1
#define HAVE_FCNTL_H 1
#define HAVE_STDDEF_H 1
#define HAVE_STRING_H 1
#define HAVE_STDLIB_H 1
#define HAVE_MALLOC 1
#define LSTAT_FOLLOWS_SLASHED_SYMLINK 1
#define HAVE_VPRINTF 1
#define HAVE_LIBCRYPTO 1
#define HAVE_LIBCRYPTO 1
#define HAVE_STRCHR 1
#define HAVE_STRDUP 1
#define HAVE_MEMSET 1
#define HAVE_GMP 1
#define HAVE_PBC 1
#define HAVE_BSWABE 1
#define HAVE_SEABREW 1

configure: exit 0
